0 info it worked if it ends with ok
1 verbose cli [ 'node', '/usr/local/bin/npm', 'owner', 'add', 'paulbooth' ]
2 info using npm@1.1.65
3 info using node@v0.8.14
4 verbose read json /Users/tim/Code/lifegraph/node-lifegraph/package.json
5 warn package.json lifegraph@0.0.1 No README.md file found!
6 verbose owner add paulbooth to lifegraph
7 verbose url raw /-/user/org.couchdb.user:paulbooth
8 verbose url resolving [ 'https://registry.npmjs.org/',
8 verbose url resolving   './-/user/org.couchdb.user:paulbooth' ]
9 verbose url resolved https://registry.npmjs.org/-/user/org.couchdb.user:paulbooth
10 info trying registry request attempt 1 at 12:38:16
11 http GET https://registry.npmjs.org/-/user/org.couchdb.user:paulbooth
12 http 404 https://registry.npmjs.org/-/user/org.couchdb.user:paulbooth
13 silly registry.get cb [ 404,
13 silly registry.get   { server: 'CouchDB/1.2.1 (Erlang OTP/R15B03)',
13 silly registry.get     date: 'Sun, 24 Feb 2013 17:38:17 GMT',
13 silly registry.get     'content-type': 'application/json',
13 silly registry.get     'content-length': '41',
13 silly registry.get     'cache-control': 'must-revalidate' } ]
14 error owner mutate Error getting user data for paulbooth
15 error Error: not_found missing: -/user/org.couchdb.user:paulbooth
15 error     at RegClient.<anonymous> (/usr/local/lib/node_modules/npm/node_modules/npm-registry-client/lib/request.js:259:14)
15 error     at Request.init.self.callback (/usr/local/lib/node_modules/npm/node_modules/request/main.js:120:22)
15 error     at Request.EventEmitter.emit (events.js:99:17)
15 error     at Request.<anonymous> (/usr/local/lib/node_modules/npm/node_modules/request/main.js:648:16)
15 error     at Request.EventEmitter.emit (events.js:126:20)
15 error     at IncomingMessage.Request.start.self.req.self.httpModule.request.buffer (/usr/local/lib/node_modules/npm/node_modules/request/main.js:610:14)
15 error     at IncomingMessage.EventEmitter.emit (events.js:126:20)
15 error     at IncomingMessage._emitEnd (http.js:366:10)
15 error     at HTTPParser.parserOnMessageComplete [as onMessageComplete] (http.js:149:23)
15 error     at CleartextStream.socketOnData [as ondata] (http.js:1367:20)
16 error If you need help, you may report this log at:
16 error     <http://github.com/isaacs/npm/issues>
16 error or email it to:
16 error     <npm-@googlegroups.com>
17 error System Darwin 12.2.1
18 error command "node" "/usr/local/bin/npm" "owner" "add" "paulbooth"
19 error cwd /Users/tim/Code/lifegraph/node-lifegraph
20 error node -v v0.8.14
21 error npm -v 1.1.65
22 verbose exit [ 1, true ]
